# JRE version: Java(TM) SE Runtime Environment (7.0_65-b19) (build 1.7.0_65-b19)
# Java VM: Java HotSpot(TM) 64-Bit Server VM (24.65-b04 mixed mode windows-amd64 compressed oops)
Heap
 PSYoungGen      total 239104K, used 97073K [0x00000000e0900000, 0x00000000fb000000, 0x0000000100000000)
  eden space 238080K, 40% used [0x00000000e0900000,0x00000000e66d9c38,0x00000000ef180000)
  from space 1024K, 94% used [0x00000000faf00000,0x00000000faff2818,0x00000000fb000000)
  to   space 3072K, 0% used [0x00000000faa00000,0x00000000faa00000,0x00000000fad00000)
 ParOldGen       total 457728K, used 368883K [0x00000000a1c00000, 0x00000000bdb00000, 0x00000000e0900000)
  object space 457728K, 80% used [0x00000000a1c00000,0x00000000b843cf78,0x00000000bdb00000)
 PSPermGen       total 36352K, used 25805K [0x000000009ca00000, 0x000000009ed80000, 0x00000000a1c00000)
  object space 36352K, 70% used [0x000000009ca00000,0x000000009e3337d8,0x000000009ed80000)
GC Heap History (10 events):
Event: 3697.704 GC heap before
{Heap before GC invocations=5114 (full 10):
 PSYoungGen      total 123904K, used 123410K [0x00000000e0900000, 0x00000000fb700000, 0x0000000100000000)
  eden space 122368K, 100% used [0x00000000e0900000,0x00000000e8080000,0x00000000e8080000)
  from space 1536K, 67% used [0x00000000fb200000,0x00000000fb3048f0,0x00000000fb380000)
  to   space 3072K, 0% used [0x00000000fb400000,0x00000000fb400000,0x00000000fb700000)
 ParOldGen       total 457728K, used 368835K [0x00000000a1c00000, 0x00000000bdb00000, 0x00000000e0900000)
  object space 457728K, 80% used [0x00000000a1c00000,0x00000000b8430f78,0x00000000bdb00000)
 PSPermGen       total 36352K, used 25805K [0x000000009ca00000, 0x000000009ed80000, 0x00000000a1c00000)
  object space 36352K, 70% used [0x000000009ca00000,0x000000009e3337d8,0x000000009ed80000)
Event: 3697.713 GC heap after
Heap after GC invocations=5114 (full 10):
 PSYoungGen      total 141824K, used 978K [0x00000000e0900000, 0x00000000fb500000, 0x0000000100000000)
  eden space 140800K, 0% used [0x00000000e0900000,0x00000000e0900000,0x00000000e9280000)
  from space 1024K, 95% used [0x00000000fb400000,0x00000000fb4f48e0,0x00000000fb500000)
  to   space 3072K, 0% used [0x00000000faf00000,0x00000000faf00000,0x00000000fb200000)
 ParOldGen       total 457728K, used 368843K [0x00000000a1c00000, 0x00000000bdb00000, 0x00000000e0900000)
  object space 457728K, 80% used [0x00000000a1c00000,0x00000000b8432f78,0x00000000bdb00000)
 PSPermGen       total 36352K, used 25805K [0x000000009ca00000, 0x000000009ed80000, 0x00000000a1c00000)
  object space 36352K, 70% used [0x000000009ca00000,0x000000009e3337d8,0x000000009ed80000)
}
Event: 3698.326 GC heap before
{Heap before GC invocations=5115 (full 10):
 PSYoungGen      total 141824K, used 141778K [0x00000000e0900000, 0x00000000fb500000, 0x0000000100000000)
  eden space 140800K, 100% used [0x00000000e0900000,0x00000000e9280000,0x00000000e9280000)
  from space 1024K, 95% used [0x00000000fb400000,0x00000000fb4f48e0,0x00000000fb500000)
  to   space 3072K, 0% used [0x00000000faf00000,0x00000000faf00000,0x00000000fb200000)
 ParOldGen       total 457728K, used 368843K [0x00000000a1c00000, 0x00000000bdb00000, 0x00000000e0900000)
  object space 457728K, 80% used [0x00000000a1c00000,0x00000000b8432f78,0x00000000bdb00000)
 PSPermGen       total 36352K, used 25805K [0x000000009ca00000, 0x000000009ed80000, 0x00000000a1c00000)
  object space 36352K, 70% used [0x000000009ca00000,0x000000009e3337d8,0x000000009ed80000)
Event: 3698.328 GC heap after
Heap after GC invocations=5115 (full 10):
 PSYoungGen      total 163328K, used 2050K [0x00000000e0900000, 0x00000000fb480000, 0x0000000100000000)
  eden space 160768K, 0% used [0x00000000e0900000,0x00000000e0900000,0x00000000ea600000)
  from space 2560K, 80% used [0x00000000faf00000,0x00000000fb1009b0,0x00000000fb180000)
  to   space 3072K, 0% used [0x00000000fb180000,0x00000000fb180000,0x00000000fb480000)
 ParOldGen       total 457728K, used 368851K [0x00000000a1c00000, 0x00000000bdb00000, 0x00000000e0900000)
  object space 457728K, 80% used [0x00000000a1c00000,0x00000000b8434f78,0x00000000bdb00000)
 PSPermGen       total 36352K, used 25805K [0x000000009ca00000, 0x000000009ed80000, 0x00000000a1c00000)
  object space 36352K, 70% used [0x000000009ca00000,0x000000009e3337d8,0x000000009ed80000)
}
Event: 3699.038 GC heap before
{Heap before GC invocations=5116 (full 10):
 PSYoungGen      total 163328K, used 162818K [0x00000000e0900000, 0x00000000fb480000, 0x0000000100000000)
  eden space 160768K, 100% used [0x00000000e0900000,0x00000000ea600000,0x00000000ea600000)
  from space 2560K, 80% used [0x00000000faf00000,0x00000000fb1009b0,0x00000000fb180000)
  to   space 3072K, 0% used [0x00000000fb180000,0x00000000fb180000,0x00000000fb480000)
 ParOldGen       total 457728K, used 368851K [0x00000000a1c00000, 0x00000000bdb00000, 0x00000000e0900000)
  object space 457728K, 80% used [0x00000000a1c00000,0x00000000b8434f78,0x00000000bdb00000)
 PSPermGen       total 36352K, used 25805K [0x000000009ca00000, 0x000000009ed80000, 0x00000000a1c00000)
  object space 36352K, 70% used [0x000000009ca00000,0x000000009e3337d8,0x000000009ed80000)
Event: 3699.045 GC heap after
Heap after GC invocations=5116 (full 10):
 PSYoungGen      total 184832K, used 1010K [0x00000000e0900000, 0x00000000fb280000, 0x0000000100000000)
  eden space 183808K, 0% used [0x00000000e0900000,0x00000000e0900000,0x00000000ebc80000)
  from space 1024K, 98% used [0x00000000fb180000,0x00000000fb27c8e0,0x00000000fb280000)
  to   space 3072K, 0% used [0x00000000fac80000,0x00000000fac80000,0x00000000faf80000)
 ParOldGen       total 457728K, used 368859K [0x00000000a1c00000, 0x00000000bdb00000, 0x00000000e0900000)
  object space 457728K, 80% used [0x00000000a1c00000,0x00000000b8436f78,0x00000000bdb00000)
 PSPermGen       total 36352K, used 25805K [0x000000009ca00000, 0x000000009ed80000, 0x00000000a1c00000)
  object space 36352K, 70% used [0x000000009ca00000,0x000000009e3337d8,0x000000009ed80000)
}
Event: 3699.915 GC heap before
{Heap before GC invocations=5117 (full 10):
 PSYoungGen      total 184832K, used 184818K [0x00000000e0900000, 0x00000000fb280000, 0x0000000100000000)
  eden space 183808K, 100% used [0x00000000e0900000,0x00000000ebc80000,0x00000000ebc80000)
  from space 1024K, 98% used [0x00000000fb180000,0x00000000fb27c8e0,0x00000000fb280000)
  to   space 3072K, 0% used [0x00000000fac80000,0x00000000fac80000,0x00000000faf80000)
 ParOldGen       total 457728K, used 368859K [0x00000000a1c00000, 0x00000000bdb00000, 0x00000000e0900000)
  object space 457728K, 80% used [0x00000000a1c00000,0x00000000b8436f78,0x00000000bdb00000)
 PSPermGen       total 36352K, used 25805K [0x000000009ca00000, 0x000000009ed80000, 0x00000000a1c00000)
  object space 36352K, 70% used [0x000000009ca00000,0x000000009e3337d8,0x000000009ed80000)
Event: 3699.917 GC heap after
Heap after GC invocations=5117 (full 10):
 PSYoungGen      total 210432K, used 1922K [0x00000000e0900000, 0x00000000fb200000, 0x0000000100000000)
  eden space 208384K, 0% used [0x00000000e0900000,0x00000000e0900000,0x00000000ed480000)
  from space 2048K, 93% used [0x00000000fac80000,0x00000000fae609b0,0x00000000fae80000)
  to   space 3072K, 0% used [0x00000000faf00000,0x00000000faf00000,0x00000000fb200000)
 ParOldGen       total 457728K, used 368875K [0x00000000a1c00000, 0x00000000bdb00000, 0x00000000e0900000)
  object space 457728K, 80% used [0x00000000a1c00000,0x00000000b843af78,0x00000000bdb00000)
 PSPermGen       total 36352K, used 25805K [0x000000009ca00000, 0x000000009ed80000, 0x00000000a1c00000)
  object space 36352K, 70% used [0x000000009ca00000,0x000000009e3337d8,0x000000009ed80000)
}
Event: 3700.780 GC heap before
{Heap before GC invocations=5118 (full 10):
 PSYoungGen      total 210432K, used 210306K [0x00000000e0900000, 0x00000000fb200000, 0x0000000100000000)
  eden space 208384K, 100% used [0x00000000e0900000,0x00000000ed480000,0x00000000ed480000)
  from space 2048K, 93% used [0x00000000fac80000,0x00000000fae609b0,0x00000000fae80000)
  to   space 3072K, 0% used [0x00000000faf00000,0x00000000faf00000,0x00000000fb200000)
 ParOldGen       total 457728K, used 368875K [0x00000000a1c00000, 0x00000000bdb00000, 0x00000000e0900000)
  object space 457728K, 80% used [0x00000000a1c00000,0x00000000b843af78,0x00000000bdb00000)
 PSPermGen       total 36352K, used 25805K [0x000000009ca00000, 0x000000009ed80000, 0x00000000a1c00000)
  object space 36352K, 70% used [0x000000009ca00000,0x000000009e3337d8,0x000000009ed80000)
Event: 3700.792 GC heap after
Heap after GC invocations=5118 (full 10):
 PSYoungGen      total 239104K, used 970K [0x00000000e0900000, 0x00000000fb000000, 0x0000000100000000)
  eden space 238080K, 0% used [0x00000000e0900000,0x00000000e0900000,0x00000000ef180000)
  from space 1024K, 94% used [0x00000000faf00000,0x00000000faff2818,0x00000000fb000000)
  to   space 3072K, 0% used [0x00000000faa00000,0x00000000faa00000,0x00000000fad00000)
 ParOldGen       total 457728K, used 368883K [0x00000000a1c00000, 0x00000000bdb00000, 0x00000000e0900000)
  object space 457728K, 80% used [0x00000000a1c00000,0x00000000b843cf78,0x00000000bdb00000)
 PSPermGen       total 36352K, used 25805K [0x000000009ca00000, 0x000000009ed80000, 0x00000000a1c00000)
  object space 36352K, 70% used [0x000000009ca00000,0x000000009e3337d8,0x000000009ed80000)
}

